
*** Running vivado
    with args -log basys3_CPU_8bit_Top_Level.vds -m64 -product Vivado -mode batch -messageDb vivado.pb -notrace -source basys3_CPU_8bit_Top_Level.tcl


ECHO is off.
ECHO is off.

****** Vivado v2023.1 (64-bit)
  **** SW Build 3865809 on Sun May  7 15:05:29 MDT 2023
  **** IP Build 3864474 on Sun May  7 20:36:21 MDT 2023
  **** SharedData Build 3865790 on Sun May 07 13:33:03 MDT 2023
    ** Copyright 1986-2022 Xilinx, Inc. All Rights Reserved.
    ** Copyright 2022-2023 Advanced Micro Devices, Inc. All Rights Reserved.

source basys3_CPU_8bit_Top_Level.tcl -notrace
create_project: Time (s): cpu = 00:00:11 ; elapsed = 00:00:12 . Memory (MB): peak = 474.766 ; gain = 199.562
Command: read_checkpoint -auto_incremental -incremental F:/Vivado/Projects/basys3_CPU_8bit/basys3_CPU_8bit.srcs/utils_1/imports/synth_1/control_unit.dcp
INFO: [Vivado 12-5825] Read reference checkpoint from F:/Vivado/Projects/basys3_CPU_8bit/basys3_CPU_8bit.srcs/utils_1/imports/synth_1/control_unit.dcp for incremental synthesis
INFO: [Vivado 12-7989] Please ensure there are no constraint changes
Command: synth_design -top basys3_CPU_8bit_Top_Level -part xc7a35tcpg236-1
Starting synth_design
Attempting to get a license for feature 'Synthesis' and/or device 'xc7a35t'
INFO: [Common 17-349] Got license for feature 'Synthesis' and/or device 'xc7a35t'
INFO: [Device 21-403] Loading part xc7a35tcpg236-1
INFO: [Designutils 20-5440] No compile time benefit to using incremental synthesis; A full resynthesis will be run
INFO: [Designutils 20-4379] Flow is switching to default flow due to incremental criteria not met. If you would like to alter this behaviour and have the flow terminate instead, please set the following parameter config_implementation {autoIncr.Synth.RejectBehavior Terminate}
INFO: [Synth 8-7079] Multithreading enabled for synth_design using a maximum of 2 processes.
INFO: [Synth 8-7078] Launching helper process for spawning children vivado processes
INFO: [Synth 8-7075] Helper process launched with PID 20288
---------------------------------------------------------------------------------
Starting RTL Elaboration : Time (s): cpu = 00:00:04 ; elapsed = 00:00:05 . Memory (MB): peak = 1288.531 ; gain = 411.418
---------------------------------------------------------------------------------
INFO: [Synth 8-6157] synthesizing module 'basys3_CPU_8bit_Top_Level' [F:/Vivado/Projects/basys3_CPU_8bit/basys3_CPU_8bit.srcs/sources_1/new/basys3_CPU_8bit_Top_Level.v:26]
INFO: [Synth 8-6157] synthesizing module 'control_unit' [F:/Vivado/Projects/basys3_CPU_8bit/basys3_CPU_8bit.srcs/sources_1/imports/Verilog/control_unit_2.v:1]
INFO: [Synth 8-6157] synthesizing module 'ram' [F:/Vivado/Projects/basys3_CPU_8bit/basys3_CPU_8bit.srcs/sources_1/imports/Verilog/RAM_8bit_256.v:1]
INFO: [Synth 8-6155] done synthesizing module 'ram' (0#1) [F:/Vivado/Projects/basys3_CPU_8bit/basys3_CPU_8bit.srcs/sources_1/imports/Verilog/RAM_8bit_256.v:1]
INFO: [Synth 8-6157] synthesizing module 'register_stack' [F:/Vivado/Projects/basys3_CPU_8bit/basys3_CPU_8bit.srcs/sources_1/imports/Verilog/register_stack.v:1]
INFO: [Synth 8-6155] done synthesizing module 'register_stack' (0#1) [F:/Vivado/Projects/basys3_CPU_8bit/basys3_CPU_8bit.srcs/sources_1/imports/Verilog/register_stack.v:1]
INFO: [Synth 8-6157] synthesizing module 'ipreg' [F:/Vivado/Projects/basys3_CPU_8bit/basys3_CPU_8bit.srcs/sources_1/imports/Verilog/IPregister_2.v:1]
INFO: [Synth 8-226] default block is never used [F:/Vivado/Projects/basys3_CPU_8bit/basys3_CPU_8bit.srcs/sources_1/imports/Verilog/IPregister_2.v:20]
INFO: [Synth 8-6155] done synthesizing module 'ipreg' (0#1) [F:/Vivado/Projects/basys3_CPU_8bit/basys3_CPU_8bit.srcs/sources_1/imports/Verilog/IPregister_2.v:1]
INFO: [Synth 8-6157] synthesizing module 'alu' [F:/Vivado/Projects/basys3_CPU_8bit/basys3_CPU_8bit.srcs/sources_1/imports/Verilog/alu_8bit.v:3]
INFO: [Synth 8-6155] done synthesizing module 'alu' (0#1) [F:/Vivado/Projects/basys3_CPU_8bit/basys3_CPU_8bit.srcs/sources_1/imports/Verilog/alu_8bit.v:3]
INFO: [Synth 8-6155] done synthesizing module 'control_unit' (0#1) [F:/Vivado/Projects/basys3_CPU_8bit/basys3_CPU_8bit.srcs/sources_1/imports/Verilog/control_unit_2.v:1]
INFO: [Synth 8-6155] done synthesizing module 'basys3_CPU_8bit_Top_Level' (0#1) [F:/Vivado/Projects/basys3_CPU_8bit/basys3_CPU_8bit.srcs/sources_1/new/basys3_CPU_8bit_Top_Level.v:26]
WARNING: [Synth 8-6014] Unused sequential element state_reg was removed.  [F:/Vivado/Projects/basys3_CPU_8bit/basys3_CPU_8bit.srcs/sources_1/imports/Verilog/control_unit_2.v:243]
WARNING: [Synth 8-3848] Net status in module/entity control_unit does not have driver. [F:/Vivado/Projects/basys3_CPU_8bit/basys3_CPU_8bit.srcs/sources_1/imports/Verilog/control_unit_2.v:7]
WARNING: [Synth 8-6014] Unused sequential element IPNEXT_OUT_reg was removed.  [F:/Vivado/Projects/basys3_CPU_8bit/basys3_CPU_8bit.srcs/sources_1/new/basys3_CPU_8bit_Top_Level.v:130]
WARNING: [Synth 8-7129] Port status[1] in module control_unit is either unconnected or has no load
WARNING: [Synth 8-7129] Port status[0] in module control_unit is either unconnected or has no load
---------------------------------------------------------------------------------
Finished RTL Elaboration : Time (s): cpu = 00:00:06 ; elapsed = 00:00:06 . Memory (MB): peak = 1382.637 ; gain = 505.523
---------------------------------------------------------------------------------
---------------------------------------------------------------------------------
Start Handling Custom Attributes
---------------------------------------------------------------------------------
---------------------------------------------------------------------------------
Finished Handling Custom Attributes : Time (s): cpu = 00:00:06 ; elapsed = 00:00:06 . Memory (MB): peak = 1382.637 ; gain = 505.523
---------------------------------------------------------------------------------
---------------------------------------------------------------------------------
Finished RTL Optimization Phase 1 : Time (s): cpu = 00:00:06 ; elapsed = 00:00:06 . Memory (MB): peak = 1382.637 ; gain = 505.523
---------------------------------------------------------------------------------
Netlist sorting complete. Time (s): cpu = 00:00:00 ; elapsed = 00:00:00.006 . Memory (MB): peak = 1382.637 ; gain = 0.000
INFO: [Project 1-570] Preparing netlist for logic optimization

Processing XDC Constraints
Initializing timing engine
Parsing XDC File [F:/Vivado/Projects/basys3_CPU_8bit/basys3_CPU_8bit.srcs/constrs_1/imports/digilent-xdc-master/Basys-3-Master.xdc]
Finished Parsing XDC File [F:/Vivado/Projects/basys3_CPU_8bit/basys3_CPU_8bit.srcs/constrs_1/imports/digilent-xdc-master/Basys-3-Master.xdc]
INFO: [Project 1-236] Implementation specific constraints were found while reading constraint file [F:/Vivado/Projects/basys3_CPU_8bit/basys3_CPU_8bit.srcs/constrs_1/imports/digilent-xdc-master/Basys-3-Master.xdc]. These constraints will be ignored for synthesis but will be used in implementation. Impacted constraints are listed in the file [.Xil/basys3_CPU_8bit_Top_Level_propImpl.xdc].
Resolution: To avoid this warning, move constraints listed in [.Xil/basys3_CPU_8bit_Top_Level_propImpl.xdc] to another XDC file and exclude this new file from synthesis with the used_in_synthesis property (File Properties dialog in GUI) and re-run elaboration/synthesis.
Completed Processing XDC Constraints

Netlist sorting complete. Time (s): cpu = 00:00:00 ; elapsed = 00:00:00 . Memory (MB): peak = 1486.293 ; gain = 0.000
INFO: [Project 1-111] Unisim Transformation Summary:
No Unisim elements were transformed.

Constraint Validation Runtime : Time (s): cpu = 00:00:00 ; elapsed = 00:00:00.003 . Memory (MB): peak = 1486.293 ; gain = 0.000
INFO: [Designutils 20-5440] No compile time benefit to using incremental synthesis; A full resynthesis will be run
INFO: [Designutils 20-4379] Flow is switching to default flow due to incremental criteria not met. If you would like to alter this behaviour and have the flow terminate instead, please set the following parameter config_implementation {autoIncr.Synth.RejectBehavior Terminate}
---------------------------------------------------------------------------------
Finished Constraint Validation : Time (s): cpu = 00:00:12 ; elapsed = 00:00:13 . Memory (MB): peak = 1486.293 ; gain = 609.180
---------------------------------------------------------------------------------
---------------------------------------------------------------------------------
Start Loading Part and Timing Information
---------------------------------------------------------------------------------
Loading part: xc7a35tcpg236-1
---------------------------------------------------------------------------------
Finished Loading Part and Timing Information : Time (s): cpu = 00:00:12 ; elapsed = 00:00:13 . Memory (MB): peak = 1486.293 ; gain = 609.180
---------------------------------------------------------------------------------
---------------------------------------------------------------------------------
Start Applying 'set_property' XDC Constraints
---------------------------------------------------------------------------------
---------------------------------------------------------------------------------
Finished applying 'set_property' XDC Constraints : Time (s): cpu = 00:00:12 ; elapsed = 00:00:13 . Memory (MB): peak = 1486.293 ; gain = 609.180
---------------------------------------------------------------------------------
---------------------------------------------------------------------------------
Finished RTL Optimization Phase 2 : Time (s): cpu = 00:00:12 ; elapsed = 00:00:13 . Memory (MB): peak = 1486.293 ; gain = 609.180
---------------------------------------------------------------------------------
---------------------------------------------------------------------------------
Start RTL Component Statistics 
---------------------------------------------------------------------------------
Detailed RTL Component Info : 
+---Adders : 
	   2 Input    9 Bit       Adders := 8     
	   3 Input    9 Bit       Adders := 2     
	   4 Input    9 Bit       Adders := 2     
	   2 Input    8 Bit       Adders := 1     
	   2 Input    2 Bit       Adders := 1     
+---XORs : 
	                8 Bit    Wide XORs := 1     
+---Registers : 
	               16 Bit    Registers := 1     
	                8 Bit    Registers := 13    
	                7 Bit    Registers := 1     
	                4 Bit    Registers := 1     
	                3 Bit    Registers := 2     
	                2 Bit    Registers := 3     
	                1 Bit    Registers := 2     
+---RAMs : 
	               2K Bit	(256 X 8 bit)          RAMs := 1     
+---Muxes : 
	 131 Input   17 Bit        Muxes := 2     
	   2 Input    8 Bit        Muxes := 12    
	   8 Input    8 Bit        Muxes := 2     
	   4 Input    8 Bit        Muxes := 2     
	   6 Input    8 Bit        Muxes := 2     
	  17 Input    7 Bit        Muxes := 1     
	   4 Input    4 Bit        Muxes := 2     
	   4 Input    2 Bit        Muxes := 1     
	   2 Input    2 Bit        Muxes := 1     
	   2 Input    1 Bit        Muxes := 8     
	   8 Input    1 Bit        Muxes := 4     
	  19 Input    1 Bit        Muxes := 2     
	   5 Input    1 Bit        Muxes := 1     
	  16 Input    1 Bit        Muxes := 1     
	   4 Input    1 Bit        Muxes := 3     
---------------------------------------------------------------------------------
Finished RTL Component Statistics 
---------------------------------------------------------------------------------
---------------------------------------------------------------------------------
Start Part Resource Summary
---------------------------------------------------------------------------------
Part Resources:
DSPs: 90 (col length:60)
BRAMs: 100 (col length: RAMB18 60 RAMB36 30)
---------------------------------------------------------------------------------
Finished Part Resource Summary
---------------------------------------------------------------------------------
---------------------------------------------------------------------------------
Start Cross Boundary and Area Optimization
---------------------------------------------------------------------------------
WARNING: [Synth 8-7080] Parallel synthesis criteria is not met
WARNING: [Synth 8-7129] Port status[1] in module control_unit is either unconnected or has no load
WARNING: [Synth 8-7129] Port status[0] in module control_unit is either unconnected or has no load
---------------------------------------------------------------------------------
Finished Cross Boundary and Area Optimization : Time (s): cpu = 00:00:15 ; elapsed = 00:00:16 . Memory (MB): peak = 1486.293 ; gain = 609.180
---------------------------------------------------------------------------------
---------------------------------------------------------------------------------
Start ROM, RAM, DSP, Shift Register and Retiming Reporting
---------------------------------------------------------------------------------

Block RAM: Preliminary Mapping Report (see note below)
+--------------------------+---------------------+------------------------+---+---+------------------------+---+---+------------------+--------+--------+
|Module Name               | RTL Object          | PORT A (Depth x Width) | W | R | PORT B (Depth x Width) | W | R | Ports driving FF | RAMB18 | RAMB36 | 
+--------------------------+---------------------+------------------------+---+---+------------------------+---+---+------------------+--------+--------+
|basys3_CPU_8bit_Top_Level | CPU/RAM/ramdata_reg | 256 x 8(READ_FIRST)    | W |   | 256 x 8(WRITE_FIRST)   |   | R | Port A and B     | 1      | 0      | 
+--------------------------+---------------------+------------------------+---+---+------------------------+---+---+------------------+--------+--------+

Note: The table above is a preliminary report that shows the Block RAMs at the current stage of the synthesis flow. Some Block RAMs may be reimplemented as non Block RAM primitives later in the synthesis flow. Multiple instantiated Block RAMs are reported only once. 
---------------------------------------------------------------------------------
Finished ROM, RAM, DSP, Shift Register and Retiming Reporting
---------------------------------------------------------------------------------
---------------------------------------------------------------------------------
Start Applying XDC Timing Constraints
---------------------------------------------------------------------------------
---------------------------------------------------------------------------------
Finished Applying XDC Timing Constraints : Time (s): cpu = 00:00:19 ; elapsed = 00:00:21 . Memory (MB): peak = 1486.293 ; gain = 609.180
---------------------------------------------------------------------------------
---------------------------------------------------------------------------------
Start Timing Optimization
---------------------------------------------------------------------------------
---------------------------------------------------------------------------------
Finished Timing Optimization : Time (s): cpu = 00:00:20 ; elapsed = 00:00:21 . Memory (MB): peak = 1486.293 ; gain = 609.180
---------------------------------------------------------------------------------
---------------------------------------------------------------------------------
Start ROM, RAM, DSP, Shift Register and Retiming Reporting
---------------------------------------------------------------------------------

Block RAM: Final Mapping Report
+--------------------------+---------------------+------------------------+---+---+------------------------+---+---+------------------+--------+--------+
|Module Name               | RTL Object          | PORT A (Depth x Width) | W | R | PORT B (Depth x Width) | W | R | Ports driving FF | RAMB18 | RAMB36 | 
+--------------------------+---------------------+------------------------+---+---+------------------------+---+---+------------------+--------+--------+
|basys3_CPU_8bit_Top_Level | CPU/RAM/ramdata_reg | 256 x 8(READ_FIRST)    | W |   | 256 x 8(WRITE_FIRST)   |   | R | Port A and B     | 1      | 0      | 
+--------------------------+---------------------+------------------------+---+---+------------------------+---+---+------------------+--------+--------+

---------------------------------------------------------------------------------
Finished ROM, RAM, DSP, Shift Register and Retiming Reporting
---------------------------------------------------------------------------------
---------------------------------------------------------------------------------
Start Technology Mapping
---------------------------------------------------------------------------------
INFO: [Synth 8-7052] The timing for the instance CPU/RAM/ramdata_reg (implemented as a Block RAM) might be sub-optimal as no optional output register could be merged into the ram block. Providing additional output register may help in improving timing.
---------------------------------------------------------------------------------
Finished Technology Mapping : Time (s): cpu = 00:00:20 ; elapsed = 00:00:22 . Memory (MB): peak = 1486.293 ; gain = 609.180
---------------------------------------------------------------------------------
---------------------------------------------------------------------------------
Start IO Insertion
---------------------------------------------------------------------------------
---------------------------------------------------------------------------------
Start Flattening Before IO Insertion
---------------------------------------------------------------------------------
---------------------------------------------------------------------------------
Finished Flattening Before IO Insertion
---------------------------------------------------------------------------------
---------------------------------------------------------------------------------
Start Final Netlist Cleanup
---------------------------------------------------------------------------------
---------------------------------------------------------------------------------
Finished Final Netlist Cleanup
---------------------------------------------------------------------------------
---------------------------------------------------------------------------------
Finished IO Insertion : Time (s): cpu = 00:00:24 ; elapsed = 00:00:25 . Memory (MB): peak = 1486.293 ; gain = 609.180
---------------------------------------------------------------------------------
---------------------------------------------------------------------------------
Start Renaming Generated Instances
---------------------------------------------------------------------------------
---------------------------------------------------------------------------------
Finished Renaming Generated Instances : Time (s): cpu = 00:00:24 ; elapsed = 00:00:25 . Memory (MB): peak = 1486.293 ; gain = 609.180
---------------------------------------------------------------------------------
---------------------------------------------------------------------------------
Start Rebuilding User Hierarchy
---------------------------------------------------------------------------------
---------------------------------------------------------------------------------
Finished Rebuilding User Hierarchy : Time (s): cpu = 00:00:24 ; elapsed = 00:00:25 . Memory (MB): peak = 1486.293 ; gain = 609.180
---------------------------------------------------------------------------------
---------------------------------------------------------------------------------
Start Renaming Generated Ports
---------------------------------------------------------------------------------
---------------------------------------------------------------------------------
Finished Renaming Generated Ports : Time (s): cpu = 00:00:24 ; elapsed = 00:00:25 . Memory (MB): peak = 1486.293 ; gain = 609.180
---------------------------------------------------------------------------------
---------------------------------------------------------------------------------
Start Handling Custom Attributes
---------------------------------------------------------------------------------
---------------------------------------------------------------------------------
Finished Handling Custom Attributes : Time (s): cpu = 00:00:24 ; elapsed = 00:00:25 . Memory (MB): peak = 1486.293 ; gain = 609.180
---------------------------------------------------------------------------------
---------------------------------------------------------------------------------
Start Renaming Generated Nets
---------------------------------------------------------------------------------
---------------------------------------------------------------------------------
Finished Renaming Generated Nets : Time (s): cpu = 00:00:24 ; elapsed = 00:00:25 . Memory (MB): peak = 1486.293 ; gain = 609.180
---------------------------------------------------------------------------------
---------------------------------------------------------------------------------
Start Writing Synthesis Report
---------------------------------------------------------------------------------

Report BlackBoxes: 
+-+--------------+----------+
| |BlackBox name |Instances |
+-+--------------+----------+
+-+--------------+----------+

Report Cell Usage: 
+------+---------+------+
|      |Cell     |Count |
+------+---------+------+
|1     |BUFG     |     2|
|2     |CARRY4   |    28|
|3     |LUT1     |     6|
|4     |LUT2     |    73|
|5     |LUT3     |    27|
|6     |LUT4     |    40|
|7     |LUT5     |    38|
|8     |LUT6     |   120|
|9     |MUXF7    |    15|
|10    |MUXF8    |     1|
|11    |RAMB18E1 |     1|
|12    |FDRE     |   191|
|13    |IBUF     |     1|
|14    |OBUF     |    28|
+------+---------+------+
---------------------------------------------------------------------------------
Finished Writing Synthesis Report : Time (s): cpu = 00:00:24 ; elapsed = 00:00:25 . Memory (MB): peak = 1486.293 ; gain = 609.180
---------------------------------------------------------------------------------
Synthesis finished with 0 errors, 0 critical warnings and 3 warnings.
Synthesis Optimization Runtime : Time (s): cpu = 00:00:17 ; elapsed = 00:00:24 . Memory (MB): peak = 1486.293 ; gain = 505.523
Synthesis Optimization Complete : Time (s): cpu = 00:00:24 ; elapsed = 00:00:25 . Memory (MB): peak = 1486.293 ; gain = 609.180
INFO: [Project 1-571] Translating synthesized netlist
Netlist sorting complete. Time (s): cpu = 00:00:00 ; elapsed = 00:00:00.009 . Memory (MB): peak = 1486.293 ; gain = 0.000
INFO: [Netlist 29-17] Analyzing 45 Unisim elements for replacement
INFO: [Netlist 29-28] Unisim Transformation completed in 0 CPU seconds
INFO: [Project 1-570] Preparing netlist for logic optimization
INFO: [Opt 31-138] Pushed 1 inverter(s) to 2 load pin(s).
Netlist sorting complete. Time (s): cpu = 00:00:00 ; elapsed = 00:00:00 . Memory (MB): peak = 1486.293 ; gain = 0.000
INFO: [Project 1-111] Unisim Transformation Summary:
No Unisim elements were transformed.

Synth Design complete | Checksum: 88a02b27
INFO: [Common 17-83] Releasing license: Synthesis
35 Infos, 8 Warnings, 0 Critical Warnings and 0 Errors encountered.
synth_design completed successfully
synth_design: Time (s): cpu = 00:00:29 ; elapsed = 00:00:40 . Memory (MB): peak = 1486.293 ; gain = 986.652
INFO: [Common 17-1381] The checkpoint 'F:/Vivado/Projects/basys3_CPU_8bit/basys3_CPU_8bit.runs/synth_1/basys3_CPU_8bit_Top_Level.dcp' has been generated.
INFO: [runtcl-4] Executing : report_utilization -file basys3_CPU_8bit_Top_Level_utilization_synth.rpt -pb basys3_CPU_8bit_Top_Level_utilization_synth.pb
INFO: [Common 17-206] Exiting Vivado at Tue Nov 14 18:19:14 2023...
