 
****************************************
Report : area
Design : alu
Version: V-2023.12-SP5
Date   : Wed Dec 11 19:19:44 2024
****************************************

Library(s) Used:

    saed32lvt_tt0p85v25c (File: /cae/apps/data/saed32_edk-2022/lib/stdcell_lvt/db_nldm/saed32lvt_tt0p85v25c.db)

Number of ports:                           42
Number of nets:                           793
Number of cells:                          752
Number of combinational cells:            741
Number of sequential cells:                11
Number of macros/black boxes:               0
Number of buf/inv:                        157
Number of references:                      55

Combinational area:               1631.858630
Buf/Inv area:                      262.530754
Noncombinational area:              78.276353
Macro/Black Box area:                0.000000
Net Interconnect area:             334.310551

Total cell area:                  1710.134984
Total area:                       2044.445535
1
