Information: Updating design information... (UID-85)
Information: Propagating switching activity (low effort zero delay simulation). (PWR-6)
Warning: Design has unannotated primary inputs. (PWR-414)
Warning: Design has unannotated sequential cell outputs. (PWR-415)
 
****************************************
Report : power
        -analysis_effort low
Design : CPU_8bit_top
Version: V-2023.12-SP5
Date   : Wed Dec 11 19:27:12 2024
****************************************


Library(s) Used:

    saed32lvt_tt0p85v25c (File: /cae/apps/data/saed32_edk-2022/lib/stdcell_lvt/db_nldm/saed32lvt_tt0p85v25c.db)


Operating Conditions: tt0p85v25c   Library: saed32lvt_tt0p85v25c
Wire Load Model Mode: enclosed

Design        Wire Load Model            Library
------------------------------------------------
CPU_8bit_top           16000             saed32lvt_tt0p85v25c


Global Operating Voltage = 0.85 
Power-specific unit information :
    Voltage Units = 1V
    Capacitance Units = 1.000000ff
    Time Units = 1ns
    Dynamic Power Units = 1uW    (derived from V,C,T units)
    Leakage Power Units = 1pW


Attributes
----------
i - Including register clock pin internal power


  Cell Internal Power  = 720.0674 uW   (94%)
  Net Switching Power  =  42.3289 uW    (6%)
                         ---------
Total Dynamic Power    = 762.3963 uW  (100%)

Cell Leakage Power     =   1.5723 mW


                 Internal         Switching           Leakage            Total
Power Group      Power            Power               Power              Power   (   %    )  Attrs
--------------------------------------------------------------------------------------------------
io_pad             0.0000            0.0000            0.0000            0.0000  (   0.00%)
memory             0.0000            0.0000            0.0000            0.0000  (   0.00%)
black_box          0.0000            0.0000            0.0000            0.0000  (   0.00%)
clock_network    638.6769            0.0000            0.0000          638.6769  (  27.36%)  i
register       -4.9902e+00            5.3570        6.2599e+08          626.3574 (  26.83%)
sequential         0.0000            0.0000            0.0000            0.0000  (   0.00%)
combinational     86.3805           36.9719        9.4627e+08        1.0696e+03  (  45.81%)
--------------------------------------------------------------------------------------------------
Total            720.0671 uW        42.3289 uW     1.5723e+09 pW     2.3347e+03 uW
1
